<?xml version="1.0" encoding="UTF-8"?>
<!-- Generated by org.testng.reporters.JUnitReportReporter -->
<testsuite skipped="0" hostname="LAPTOP-OAS5Q4RE" name="com.Testcases.AddEmployTest" tests="4" failures="0" timestamp="23 Jul 2020 18:20:35 GMT" time="63.268" errors="0">
  <testcase name="VerifyAddEmploy" time="17.565" classname="com.Testcases.AddEmployTest"/>
  <testcase name="VerifyAddEmploy" time="16.219" classname="com.Testcases.AddEmployTest"/>
  <testcase name="VerifyAddEmploy" time="14.489" classname="com.Testcases.AddEmployTest"/>
  <testcase name="VerifyAddEmploy" time="14.995" classname="com.Testcases.AddEmployTest"/>
</testsuite> <!-- com.Testcases.AddEmployTest -->
