<?xml version="1.0" encoding="UTF-8"?>
<!-- Generated by org.testng.reporters.JUnitReportReporter -->
<testsuite skipped="0" hostname="LAPTOP-OAS5Q4RE" name="com.Testcases.HomePageTest" tests="3" failures="0" timestamp="27 Jul 2020 10:08:52 GMT" time="42.393" errors="0">
  <testcase name="HomePagetitleTest" time="12.077" classname="com.Testcases.HomePageTest"/>
  <testcase name="searchuserTest" time="12.139" classname="com.Testcases.HomePageTest"/>
  <testcase name="clickonGeneralPageTest" time="18.177" classname="com.Testcases.HomePageTest"/>
</testsuite> <!-- com.Testcases.HomePageTest -->
